{"C:\\Users\\Francisco\\OneDrive\\Documentos\\Metodologías Ágiles - Práctica\\clase1\\src\\App.tsx": {"path":"C:\\Users\\Francisco\\OneDrive\\Documentos\\Metodologías Ágiles - Práctica\\clase1\\src\\App.tsx","all":false,"statementMap":{"0":{"start":{"line":1,"column":0},"end":{"line":1,"column":33}},"1":{"start":{"line":2,"column":0},"end":{"line":2,"column":42}},"2":{"start":{"line":3,"column":0},"end":{"line":3,"column":19}},"3":{"start":{"line":4,"column":0},"end":{"line":4,"column":42}},"4":{"start":{"line":5,"column":0},"end":{"line":5,"column":50}},"5":{"start":{"line":6,"column":0},"end":{"line":6,"column":44}},"6":{"start":{"line":7,"column":0},"end":{"line":7,"column":54}},"8":{"start":{"line":9,"column":0},"end":{"line":9,"column":48}},"9":{"start":{"line":10,"column":0},"end":{"line":10,"column":47}},"10":{"start":{"line":11,"column":0},"end":{"line":11,"column":48}},"12":{"start":{"line":13,"column":0},"end":{"line":13,"column":16}},"13":{"start":{"line":14,"column":0},"end":{"line":14,"column":62}},"14":{"start":{"line":15,"column":0},"end":{"line":15,"column":41}},"16":{"start":{"line":17,"column":0},"end":{"line":17,"column":36}},"18":{"start":{"line":19,"column":0},"end":{"line":19,"column":30}},"19":{"start":{"line":20,"column":0},"end":{"line":20,"column":9}},"20":{"start":{"line":21,"column":0},"end":{"line":21,"column":40}},"22":{"start":{"line":23,"column":0},"end":{"line":23,"column":53}},"23":{"start":{"line":24,"column":0},"end":{"line":24,"column":21}},"24":{"start":{"line":25,"column":0},"end":{"line":25,"column":27}},"25":{"start":{"line":26,"column":0},"end":{"line":26,"column":5}},"26":{"start":{"line":27,"column":0},"end":{"line":27,"column":20}},"27":{"start":{"line":28,"column":0},"end":{"line":28,"column":17}},"28":{"start":{"line":29,"column":0},"end":{"line":29,"column":4}},"30":{"start":{"line":31,"column":0},"end":{"line":31,"column":35}},"31":{"start":{"line":32,"column":0},"end":{"line":32,"column":39}},"32":{"start":{"line":33,"column":0},"end":{"line":33,"column":4}},"34":{"start":{"line":35,"column":0},"end":{"line":35,"column":10}},"35":{"start":{"line":36,"column":0},"end":{"line":36,"column":6}},"36":{"start":{"line":37,"column":0},"end":{"line":37,"column":32}},"37":{"start":{"line":38,"column":0},"end":{"line":38,"column":42}},"38":{"start":{"line":39,"column":0},"end":{"line":39,"column":42}},"39":{"start":{"line":40,"column":0},"end":{"line":40,"column":35}},"41":{"start":{"line":42,"column":0},"end":{"line":42,"column":70}},"43":{"start":{"line":44,"column":0},"end":{"line":44,"column":46}},"44":{"start":{"line":45,"column":0},"end":{"line":45,"column":14}},"45":{"start":{"line":46,"column":0},"end":{"line":46,"column":29}},"46":{"start":{"line":47,"column":0},"end":{"line":47,"column":23}},"47":{"start":{"line":48,"column":0},"end":{"line":48,"column":52}},"48":{"start":{"line":49,"column":0},"end":{"line":49,"column":23}},"49":{"start":{"line":50,"column":0},"end":{"line":50,"column":41}},"51":{"start":{"line":52,"column":0},"end":{"line":52,"column":67}},"56":{"start":{"line":57,"column":0},"end":{"line":57,"column":13}},"57":{"start":{"line":58,"column":0},"end":{"line":58,"column":36}},"58":{"start":{"line":59,"column":0},"end":{"line":59,"column":35}},"59":{"start":{"line":60,"column":0},"end":{"line":60,"column":30}},"60":{"start":{"line":61,"column":0},"end":{"line":61,"column":7}},"64":{"start":{"line":65,"column":0},"end":{"line":65,"column":24}},"67":{"start":{"line":68,"column":0},"end":{"line":68,"column":1}},"69":{"start":{"line":70,"column":0},"end":{"line":70,"column":19}}},"s":{"0":1,"1":1,"2":1,"3":1,"4":1,"5":1,"6":1,"8":1,"9":1,"10":1,"12":11,"13":11,"14":11,"16":11,"18":11,"19":0,"20":0,"22":0,"23":0,"24":0,"25":0,"26":0,"27":0,"28":0,"30":11,"31":1,"32":1,"34":11,"35":11,"36":11,"37":11,"38":11,"39":11,"41":11,"43":11,"44":11,"45":11,"46":11,"47":11,"48":11,"49":11,"51":11,"56":11,"57":11,"58":11,"59":11,"60":11,"64":11,"67":11,"69":1},"branchMap":{"0":{"type":"branch","line":13,"loc":{"start":{"line":13,"column":0},"end":{"line":68,"column":1}},"locations":[{"start":{"line":13,"column":0},"end":{"line":68,"column":1}}]},"1":{"type":"branch","line":31,"loc":{"start":{"line":31,"column":28},"end":{"line":33,"column":4}},"locations":[{"start":{"line":31,"column":28},"end":{"line":33,"column":4}}]},"2":{"type":"branch","line":48,"loc":{"start":{"line":48,"column":20},"end":{"line":48,"column":52}},"locations":[{"start":{"line":48,"column":20},"end":{"line":48,"column":52}}]}},"b":{"0":[11],"1":[1],"2":[1]},"fnMap":{"0":{"name":"App","decl":{"start":{"line":13,"column":0},"end":{"line":68,"column":1}},"loc":{"start":{"line":13,"column":0},"end":{"line":68,"column":1}},"line":13},"1":{"name":"handleSubmit","decl":{"start":{"line":19,"column":23},"end":{"line":29,"column":4}},"loc":{"start":{"line":19,"column":23},"end":{"line":29,"column":4}},"line":19},"2":{"name":"handleRestartGame","decl":{"start":{"line":31,"column":28},"end":{"line":33,"column":4}},"loc":{"start":{"line":31,"column":28},"end":{"line":33,"column":4}},"line":31},"3":{"name":"onChange","decl":{"start":{"line":48,"column":20},"end":{"line":48,"column":52}},"loc":{"start":{"line":48,"column":20},"end":{"line":48,"column":52}},"line":48}},"f":{"0":11,"1":0,"2":1,"3":1}}
,"C:\\Users\\Francisco\\OneDrive\\Documentos\\Metodologías Ágiles - Práctica\\clase1\\src\\main.tsx": {"path":"C:\\Users\\Francisco\\OneDrive\\Documentos\\Metodologías Ágiles - Práctica\\clase1\\src\\main.tsx","all":true,"statementMap":{"0":{"start":{"line":1,"column":0},"end":{"line":1,"column":35}},"1":{"start":{"line":2,"column":0},"end":{"line":2,"column":46}},"2":{"start":{"line":3,"column":0},"end":{"line":3,"column":21}},"3":{"start":{"line":4,"column":0},"end":{"line":4,"column":28}},"4":{"start":{"line":5,"column":0},"end":{"line":5,"column":0}},"5":{"start":{"line":6,"column":0},"end":{"line":6,"column":52}},"6":{"start":{"line":7,"column":0},"end":{"line":7,"column":14}},"7":{"start":{"line":8,"column":0},"end":{"line":8,"column":11}},"8":{"start":{"line":9,"column":0},"end":{"line":9,"column":15}},"9":{"start":{"line":10,"column":0},"end":{"line":10,"column":2}}},"s":{"0":0,"1":0,"2":0,"3":0,"4":0,"5":0,"6":0,"7":0,"8":0,"9":0},"branchMap":{"0":{"type":"branch","line":1,"loc":{"start":{"line":1,"column":0},"end":{"line":10,"column":2}},"locations":[{"start":{"line":1,"column":0},"end":{"line":10,"column":2}}]}},"b":{"0":[0]},"fnMap":{"0":{"name":"(empty-report)","decl":{"start":{"line":1,"column":0},"end":{"line":10,"column":2}},"loc":{"start":{"line":1,"column":0},"end":{"line":10,"column":2}},"line":1}},"f":{"0":0}}
,"C:\\Users\\Francisco\\OneDrive\\Documentos\\Metodologías Ágiles - Práctica\\clase1\\src\\components\\figure.tsx": {"path":"C:\\Users\\Francisco\\OneDrive\\Documentos\\Metodologías Ágiles - Práctica\\clase1\\src\\components\\figure.tsx","all":false,"statementMap":{"0":{"start":{"line":1,"column":0},"end":{"line":1,"column":41}},"6":{"start":{"line":7,"column":0},"end":{"line":7,"column":35}},"7":{"start":{"line":8,"column":0},"end":{"line":8,"column":10}},"8":{"start":{"line":9,"column":0},"end":{"line":9,"column":8}},"9":{"start":{"line":10,"column":0},"end":{"line":10,"column":29}},"10":{"start":{"line":11,"column":0},"end":{"line":11,"column":18}},"11":{"start":{"line":12,"column":0},"end":{"line":12,"column":17}},"12":{"start":{"line":13,"column":0},"end":{"line":13,"column":34}},"15":{"start":{"line":16,"column":0},"end":{"line":16,"column":47}},"16":{"start":{"line":17,"column":0},"end":{"line":17,"column":48}},"17":{"start":{"line":18,"column":0},"end":{"line":18,"column":47}},"18":{"start":{"line":19,"column":0},"end":{"line":19,"column":49}},"20":{"start":{"line":21,"column":0},"end":{"line":21,"column":47}},"21":{"start":{"line":22,"column":0},"end":{"line":22,"column":48}},"22":{"start":{"line":23,"column":0},"end":{"line":23,"column":47}},"23":{"start":{"line":24,"column":0},"end":{"line":24,"column":49}},"26":{"start":{"line":27,"column":0},"end":{"line":27,"column":67}},"28":{"start":{"line":29,"column":0},"end":{"line":29,"column":21}},"29":{"start":{"line":30,"column":0},"end":{"line":30,"column":70}},"32":{"start":{"line":33,"column":0},"end":{"line":33,"column":21}},"33":{"start":{"line":34,"column":0},"end":{"line":34,"column":68}},"35":{"start":{"line":36,"column":0},"end":{"line":36,"column":21}},"36":{"start":{"line":37,"column":0},"end":{"line":37,"column":69}},"39":{"start":{"line":40,"column":0},"end":{"line":40,"column":21}},"40":{"start":{"line":41,"column":0},"end":{"line":41,"column":68}},"42":{"start":{"line":43,"column":0},"end":{"line":43,"column":21}},"43":{"start":{"line":44,"column":0},"end":{"line":44,"column":69}},"47":{"start":{"line":48,"column":0},"end":{"line":48,"column":1}},"48":{"start":{"line":49,"column":0},"end":{"line":49,"column":22}}},"s":{"0":1,"6":18,"7":18,"8":18,"9":18,"10":18,"11":18,"12":18,"15":18,"16":18,"17":18,"18":18,"20":18,"21":18,"22":18,"23":18,"26":18,"28":18,"29":18,"32":18,"33":18,"35":18,"36":18,"39":18,"40":18,"42":18,"43":18,"47":18,"48":1},"branchMap":{"0":{"type":"branch","line":7,"loc":{"start":{"line":7,"column":0},"end":{"line":48,"column":1}},"locations":[{"start":{"line":7,"column":0},"end":{"line":48,"column":1}}]}},"b":{"0":[18]},"fnMap":{"0":{"name":"Figure","decl":{"start":{"line":7,"column":0},"end":{"line":48,"column":1}},"loc":{"start":{"line":7,"column":0},"end":{"line":48,"column":1}},"line":7}},"f":{"0":18}}
,"C:\\Users\\Francisco\\OneDrive\\Documentos\\Metodologías Ágiles - Práctica\\clase1\\src\\components\\incorrect.tsx": {"path":"C:\\Users\\Francisco\\OneDrive\\Documentos\\Metodologías Ágiles - Práctica\\clase1\\src\\components\\incorrect.tsx","all":false,"statementMap":{"0":{"start":{"line":1,"column":0},"end":{"line":1,"column":43}},"1":{"start":{"line":2,"column":0},"end":{"line":2,"column":44}},"7":{"start":{"line":8,"column":0},"end":{"line":8,"column":40}},"8":{"start":{"line":9,"column":0},"end":{"line":9,"column":76}},"9":{"start":{"line":10,"column":0},"end":{"line":10,"column":77}},"11":{"start":{"line":12,"column":0},"end":{"line":12,"column":10}},"12":{"start":{"line":13,"column":0},"end":{"line":13,"column":65}},"13":{"start":{"line":14,"column":0},"end":{"line":14,"column":61}},"14":{"start":{"line":15,"column":0},"end":{"line":15,"column":62}},"15":{"start":{"line":16,"column":0},"end":{"line":16,"column":26}},"19":{"start":{"line":20,"column":0},"end":{"line":20,"column":1}},"21":{"start":{"line":22,"column":0},"end":{"line":22,"column":25}}},"s":{"0":1,"1":1,"7":13,"8":13,"9":13,"11":13,"12":13,"13":13,"14":13,"15":13,"19":13,"21":1},"branchMap":{"0":{"type":"branch","line":8,"loc":{"start":{"line":8,"column":0},"end":{"line":20,"column":1}},"locations":[{"start":{"line":8,"column":0},"end":{"line":20,"column":1}}]},"1":{"type":"branch","line":9,"loc":{"start":{"line":9,"column":42},"end":{"line":9,"column":76}},"locations":[{"start":{"line":9,"column":42},"end":{"line":9,"column":76}}]},"2":{"type":"branch","line":10,"loc":{"start":{"line":10,"column":48},"end":{"line":10,"column":63}},"locations":[{"start":{"line":10,"column":48},"end":{"line":10,"column":63}}]}},"b":{"0":[13],"1":[6],"2":[2]},"fnMap":{"0":{"name":"Incorrect","decl":{"start":{"line":8,"column":0},"end":{"line":20,"column":1}},"loc":{"start":{"line":8,"column":0},"end":{"line":20,"column":1}},"line":8}},"f":{"0":13}}
,"C:\\Users\\Francisco\\OneDrive\\Documentos\\Metodologías Ágiles - Práctica\\clase1\\src\\components\\words.tsx": {"path":"C:\\Users\\Francisco\\OneDrive\\Documentos\\Metodologías Ágiles - Práctica\\clase1\\src\\components\\words.tsx","all":false,"statementMap":{"0":{"start":{"line":1,"column":0},"end":{"line":1,"column":43}},"1":{"start":{"line":2,"column":0},"end":{"line":2,"column":40}},"8":{"start":{"line":9,"column":0},"end":{"line":9,"column":49}},"9":{"start":{"line":10,"column":0},"end":{"line":10,"column":74}},"10":{"start":{"line":11,"column":0},"end":{"line":11,"column":62}},"12":{"start":{"line":13,"column":0},"end":{"line":13,"column":10}},"13":{"start":{"line":14,"column":0},"end":{"line":14,"column":61}},"14":{"start":{"line":15,"column":0},"end":{"line":15,"column":54}},"15":{"start":{"line":16,"column":0},"end":{"line":16,"column":16}},"16":{"start":{"line":17,"column":0},"end":{"line":17,"column":77}},"17":{"start":{"line":18,"column":0},"end":{"line":18,"column":55}},"20":{"start":{"line":21,"column":0},"end":{"line":21,"column":9}},"23":{"start":{"line":24,"column":0},"end":{"line":24,"column":1}},"25":{"start":{"line":26,"column":0},"end":{"line":26,"column":21}}},"s":{"0":1,"1":1,"8":13,"9":13,"10":13,"12":13,"13":13,"14":13,"15":64,"16":64,"17":64,"20":64,"23":13,"25":1},"branchMap":{"0":{"type":"branch","line":9,"loc":{"start":{"line":9,"column":0},"end":{"line":24,"column":1}},"locations":[{"start":{"line":9,"column":0},"end":{"line":24,"column":1}}]},"1":{"type":"branch","line":10,"loc":{"start":{"line":10,"column":41},"end":{"line":10,"column":74}},"locations":[{"start":{"line":10,"column":41},"end":{"line":10,"column":74}}]},"2":{"type":"branch","line":11,"loc":{"start":{"line":11,"column":45},"end":{"line":11,"column":60}},"locations":[{"start":{"line":11,"column":45},"end":{"line":11,"column":60}}]},"3":{"type":"branch","line":15,"loc":{"start":{"line":15,"column":34},"end":{"line":21,"column":9}},"locations":[{"start":{"line":15,"column":34},"end":{"line":21,"column":9}}]},"4":{"type":"branch","line":18,"loc":{"start":{"line":18,"column":37},"end":{"line":18,"column":55}},"locations":[{"start":{"line":18,"column":37},"end":{"line":18,"column":55}}]}},"b":{"0":[13],"1":[6],"2":[4],"3":[64],"4":[4]},"fnMap":{"0":{"name":"Words","decl":{"start":{"line":9,"column":0},"end":{"line":24,"column":1}},"loc":{"start":{"line":9,"column":0},"end":{"line":24,"column":1}},"line":9}},"f":{"0":13}}
,"C:\\Users\\Francisco\\OneDrive\\Documentos\\Metodologías Ágiles - Práctica\\clase1\\src\\services\\game.ts": {"path":"C:\\Users\\Francisco\\OneDrive\\Documentos\\Metodologías Ágiles - Práctica\\clase1\\src\\services\\game.ts","all":false,"statementMap":{"0":{"start":{"line":1,"column":0},"end":{"line":1,"column":68}},"3":{"start":{"line":4,"column":0},"end":{"line":4,"column":26}},"10":{"start":{"line":11,"column":0},"end":{"line":11,"column":19}},"11":{"start":{"line":12,"column":0},"end":{"line":12,"column":19}},"12":{"start":{"line":13,"column":0},"end":{"line":13,"column":27}},"14":{"start":{"line":15,"column":0},"end":{"line":15,"column":25}},"15":{"start":{"line":16,"column":0},"end":{"line":16,"column":29}},"17":{"start":{"line":18,"column":0},"end":{"line":18,"column":24}},"19":{"start":{"line":20,"column":0},"end":{"line":20,"column":36}},"20":{"start":{"line":21,"column":0},"end":{"line":21,"column":44}},"21":{"start":{"line":22,"column":0},"end":{"line":22,"column":3}},"23":{"start":{"line":24,"column":0},"end":{"line":24,"column":29}},"24":{"start":{"line":25,"column":0},"end":{"line":25,"column":9}},"25":{"start":{"line":26,"column":0},"end":{"line":26,"column":43}},"26":{"start":{"line":27,"column":0},"end":{"line":27,"column":41}},"27":{"start":{"line":28,"column":0},"end":{"line":28,"column":42}},"28":{"start":{"line":29,"column":0},"end":{"line":29,"column":7}},"29":{"start":{"line":30,"column":0},"end":{"line":30,"column":56}},"30":{"start":{"line":31,"column":0},"end":{"line":31,"column":66}},"31":{"start":{"line":32,"column":0},"end":{"line":32,"column":35}},"32":{"start":{"line":33,"column":0},"end":{"line":33,"column":61}},"33":{"start":{"line":34,"column":0},"end":{"line":34,"column":32}},"34":{"start":{"line":35,"column":0},"end":{"line":35,"column":7}},"35":{"start":{"line":36,"column":0},"end":{"line":36,"column":22}},"36":{"start":{"line":37,"column":0},"end":{"line":37,"column":21}},"37":{"start":{"line":38,"column":0},"end":{"line":38,"column":54}},"38":{"start":{"line":39,"column":0},"end":{"line":39,"column":39}},"39":{"start":{"line":40,"column":0},"end":{"line":40,"column":28}},"40":{"start":{"line":41,"column":0},"end":{"line":41,"column":58}},"41":{"start":{"line":42,"column":0},"end":{"line":42,"column":7}},"42":{"start":{"line":43,"column":0},"end":{"line":43,"column":18}},"43":{"start":{"line":44,"column":0},"end":{"line":44,"column":5}},"44":{"start":{"line":45,"column":0},"end":{"line":45,"column":3}},"46":{"start":{"line":47,"column":0},"end":{"line":47,"column":37}},"47":{"start":{"line":48,"column":0},"end":{"line":48,"column":64}},"48":{"start":{"line":49,"column":0},"end":{"line":49,"column":3}},"50":{"start":{"line":51,"column":0},"end":{"line":51,"column":35}},"51":{"start":{"line":52,"column":0},"end":{"line":52,"column":63}},"52":{"start":{"line":53,"column":0},"end":{"line":53,"column":3}},"54":{"start":{"line":55,"column":0},"end":{"line":55,"column":18}},"55":{"start":{"line":56,"column":0},"end":{"line":56,"column":20}},"56":{"start":{"line":57,"column":0},"end":{"line":57,"column":3}},"58":{"start":{"line":59,"column":0},"end":{"line":59,"column":35}},"59":{"start":{"line":60,"column":0},"end":{"line":60,"column":65}},"60":{"start":{"line":61,"column":0},"end":{"line":61,"column":3}},"61":{"start":{"line":62,"column":0},"end":{"line":62,"column":1}}},"s":{"0":1,"3":1,"10":1,"11":1,"12":1,"14":1,"15":1,"17":1,"19":1,"20":26,"21":26,"23":1,"24":15,"25":15,"26":15,"27":2,"28":2,"29":13,"30":13,"31":13,"32":15,"33":1,"34":1,"35":5,"36":15,"37":9,"38":4,"39":4,"40":4,"41":4,"42":8,"43":8,"44":15,"46":1,"47":4,"48":4,"50":1,"51":6,"52":6,"54":1,"55":4,"56":4,"58":1,"59":15,"60":15,"61":1},"branchMap":{"0":{"type":"branch","line":24,"loc":{"start":{"line":24,"column":2},"end":{"line":45,"column":3}},"locations":[{"start":{"line":24,"column":2},"end":{"line":45,"column":3}}]},"1":{"type":"branch","line":27,"loc":{"start":{"line":27,"column":40},"end":{"line":29,"column":7}},"locations":[{"start":{"line":27,"column":40},"end":{"line":29,"column":7}}]},"2":{"type":"branch","line":29,"loc":{"start":{"line":29,"column":6},"end":{"line":33,"column":60}},"locations":[{"start":{"line":29,"column":6},"end":{"line":33,"column":60}}]},"3":{"type":"branch","line":33,"loc":{"start":{"line":33,"column":60},"end":{"line":35,"column":7}},"locations":[{"start":{"line":33,"column":60},"end":{"line":35,"column":7}}]},"4":{"type":"branch","line":35,"loc":{"start":{"line":35,"column":6},"end":{"line":37,"column":6}},"locations":[{"start":{"line":35,"column":6},"end":{"line":37,"column":6}}]},"5":{"type":"branch","line":37,"loc":{"start":{"line":37,"column":6},"end":{"line":44,"column":5}},"locations":[{"start":{"line":37,"column":6},"end":{"line":44,"column":5}}]},"6":{"type":"branch","line":38,"loc":{"start":{"line":38,"column":53},"end":{"line":42,"column":7}},"locations":[{"start":{"line":38,"column":53},"end":{"line":42,"column":7}}]},"7":{"type":"branch","line":41,"loc":{"start":{"line":41,"column":30},"end":{"line":41,"column":58}},"locations":[{"start":{"line":41,"column":30},"end":{"line":41,"column":58}}]},"8":{"type":"branch","line":42,"loc":{"start":{"line":42,"column":6},"end":{"line":44,"column":5}},"locations":[{"start":{"line":42,"column":6},"end":{"line":44,"column":5}}]},"9":{"type":"branch","line":47,"loc":{"start":{"line":47,"column":2},"end":{"line":49,"column":3}},"locations":[{"start":{"line":47,"column":2},"end":{"line":49,"column":3}}]},"10":{"type":"branch","line":51,"loc":{"start":{"line":51,"column":2},"end":{"line":53,"column":3}},"locations":[{"start":{"line":51,"column":2},"end":{"line":53,"column":3}}]},"11":{"type":"branch","line":55,"loc":{"start":{"line":55,"column":2},"end":{"line":57,"column":3}},"locations":[{"start":{"line":55,"column":2},"end":{"line":57,"column":3}}]},"12":{"type":"branch","line":59,"loc":{"start":{"line":59,"column":2},"end":{"line":61,"column":3}},"locations":[{"start":{"line":59,"column":2},"end":{"line":61,"column":3}}]},"13":{"type":"branch","line":60,"loc":{"start":{"line":60,"column":29},"end":{"line":60,"column":65}},"locations":[{"start":{"line":60,"column":29},"end":{"line":60,"column":65}}]},"14":{"type":"branch","line":20,"loc":{"start":{"line":20,"column":2},"end":{"line":22,"column":3}},"locations":[{"start":{"line":20,"column":2},"end":{"line":22,"column":3}}]}},"b":{"0":[15],"1":[2],"2":[13],"3":[1],"4":[5],"5":[9],"6":[4],"7":[1],"8":[8],"9":[4],"10":[6],"11":[4],"12":[15],"13":[10],"14":[26]},"fnMap":{"0":{"name":"takeGuess","decl":{"start":{"line":24,"column":2},"end":{"line":45,"column":3}},"loc":{"start":{"line":24,"column":2},"end":{"line":45,"column":3}},"line":24},"1":{"name":"addIncorrectGuess","decl":{"start":{"line":47,"column":2},"end":{"line":49,"column":3}},"loc":{"start":{"line":47,"column":2},"end":{"line":49,"column":3}},"line":47},"2":{"name":"addCorrectGuess","decl":{"start":{"line":51,"column":2},"end":{"line":53,"column":3}},"loc":{"start":{"line":51,"column":2},"end":{"line":53,"column":3}},"line":51},"3":{"name":"subtractLife","decl":{"start":{"line":55,"column":2},"end":{"line":57,"column":3}},"loc":{"start":{"line":55,"column":2},"end":{"line":57,"column":3}},"line":55},"4":{"name":"isLetterGuessed","decl":{"start":{"line":59,"column":2},"end":{"line":61,"column":3}},"loc":{"start":{"line":59,"column":2},"end":{"line":61,"column":3}},"line":59},"5":{"name":"Game","decl":{"start":{"line":20,"column":2},"end":{"line":22,"column":3}},"loc":{"start":{"line":20,"column":2},"end":{"line":22,"column":3}},"line":20}},"f":{"0":15,"1":4,"2":6,"3":4,"4":15,"5":26}}
,"C:\\Users\\Francisco\\OneDrive\\Documentos\\Metodologías Ágiles - Práctica\\clase1\\src\\services\\hangman.ts": {"path":"C:\\Users\\Francisco\\OneDrive\\Documentos\\Metodologías Ágiles - Práctica\\clase1\\src\\services\\hangman.ts","all":false,"statementMap":{"0":{"start":{"line":1,"column":0},"end":{"line":1,"column":54}},"2":{"start":{"line":3,"column":0},"end":{"line":3,"column":22}},"3":{"start":{"line":4,"column":0},"end":{"line":4,"column":15}},"5":{"start":{"line":6,"column":0},"end":{"line":6,"column":34}},"6":{"start":{"line":7,"column":0},"end":{"line":7,"column":40}},"7":{"start":{"line":8,"column":0},"end":{"line":8,"column":3}},"9":{"start":{"line":10,"column":0},"end":{"line":10,"column":26}},"10":{"start":{"line":11,"column":0},"end":{"line":11,"column":28}},"11":{"start":{"line":12,"column":0},"end":{"line":12,"column":45}},"12":{"start":{"line":13,"column":0},"end":{"line":13,"column":5}},"14":{"start":{"line":15,"column":0},"end":{"line":15,"column":25}},"15":{"start":{"line":16,"column":0},"end":{"line":16,"column":42}},"16":{"start":{"line":17,"column":0},"end":{"line":17,"column":5}},"18":{"start":{"line":19,"column":0},"end":{"line":19,"column":47}},"19":{"start":{"line":20,"column":0},"end":{"line":20,"column":44}},"20":{"start":{"line":21,"column":0},"end":{"line":21,"column":5}},"22":{"start":{"line":23,"column":0},"end":{"line":23,"column":21}},"23":{"start":{"line":24,"column":0},"end":{"line":24,"column":48}},"24":{"start":{"line":25,"column":0},"end":{"line":25,"column":45}},"25":{"start":{"line":26,"column":0},"end":{"line":26,"column":22}},"26":{"start":{"line":27,"column":0},"end":{"line":27,"column":7}},"27":{"start":{"line":28,"column":0},"end":{"line":28,"column":5}},"28":{"start":{"line":29,"column":0},"end":{"line":29,"column":17}},"29":{"start":{"line":30,"column":0},"end":{"line":30,"column":3}},"31":{"start":{"line":32,"column":0},"end":{"line":32,"column":32}},"32":{"start":{"line":33,"column":0},"end":{"line":33,"column":84}},"33":{"start":{"line":34,"column":0},"end":{"line":34,"column":25}},"34":{"start":{"line":35,"column":0},"end":{"line":35,"column":3}},"35":{"start":{"line":36,"column":0},"end":{"line":36,"column":1}}},"s":{"0":1,"2":1,"3":1,"5":1,"6":35,"7":35,"9":1,"10":19,"11":1,"12":1,"14":19,"15":4,"16":4,"18":19,"19":5,"20":5,"22":9,"23":19,"24":38,"25":13,"26":13,"27":38,"28":9,"29":9,"31":1,"32":19,"33":19,"34":19,"35":1},"branchMap":{"0":{"type":"branch","line":10,"loc":{"start":{"line":10,"column":2},"end":{"line":30,"column":3}},"locations":[{"start":{"line":10,"column":2},"end":{"line":30,"column":3}}]},"1":{"type":"branch","line":11,"loc":{"start":{"line":11,"column":27},"end":{"line":13,"column":5}},"locations":[{"start":{"line":11,"column":27},"end":{"line":13,"column":5}}]},"2":{"type":"branch","line":13,"loc":{"start":{"line":13,"column":4},"end":{"line":15,"column":24}},"locations":[{"start":{"line":13,"column":4},"end":{"line":15,"column":24}}]},"3":{"type":"branch","line":15,"loc":{"start":{"line":15,"column":24},"end":{"line":17,"column":5}},"locations":[{"start":{"line":15,"column":24},"end":{"line":17,"column":5}}]},"4":{"type":"branch","line":17,"loc":{"start":{"line":17,"column":4},"end":{"line":19,"column":46}},"locations":[{"start":{"line":17,"column":4},"end":{"line":19,"column":46}}]},"5":{"type":"branch","line":19,"loc":{"start":{"line":19,"column":46},"end":{"line":21,"column":5}},"locations":[{"start":{"line":19,"column":46},"end":{"line":21,"column":5}}]},"6":{"type":"branch","line":21,"loc":{"start":{"line":21,"column":4},"end":{"line":24,"column":47}},"locations":[{"start":{"line":21,"column":4},"end":{"line":24,"column":47}}]},"7":{"type":"branch","line":24,"loc":{"start":{"line":24,"column":47},"end":{"line":28,"column":5}},"locations":[{"start":{"line":24,"column":47},"end":{"line":28,"column":5}}]},"8":{"type":"branch","line":25,"loc":{"start":{"line":25,"column":44},"end":{"line":27,"column":7}},"locations":[{"start":{"line":25,"column":44},"end":{"line":27,"column":7}}]},"9":{"type":"branch","line":28,"loc":{"start":{"line":28,"column":4},"end":{"line":30,"column":3}},"locations":[{"start":{"line":28,"column":4},"end":{"line":30,"column":3}}]},"10":{"type":"branch","line":32,"loc":{"start":{"line":32,"column":2},"end":{"line":35,"column":3}},"locations":[{"start":{"line":32,"column":2},"end":{"line":35,"column":3}}]},"11":{"type":"branch","line":6,"loc":{"start":{"line":6,"column":2},"end":{"line":8,"column":3}},"locations":[{"start":{"line":6,"column":2},"end":{"line":8,"column":3}}]}},"b":{"0":[19],"1":[1],"2":[18],"3":[4],"4":[14],"5":[5],"6":[9],"7":[38],"8":[13],"9":[9],"10":[19],"11":[35]},"fnMap":{"0":{"name":"checkLetter","decl":{"start":{"line":10,"column":2},"end":{"line":30,"column":3}},"loc":{"start":{"line":10,"column":2},"end":{"line":30,"column":3}},"line":10},"1":{"name":"isLetter","decl":{"start":{"line":32,"column":2},"end":{"line":35,"column":3}},"loc":{"start":{"line":32,"column":2},"end":{"line":35,"column":3}},"line":32},"2":{"name":"Hangman","decl":{"start":{"line":6,"column":2},"end":{"line":8,"column":3}},"loc":{"start":{"line":6,"column":2},"end":{"line":8,"column":3}},"line":6}},"f":{"0":19,"1":19,"2":35}}
,"C:\\Users\\Francisco\\OneDrive\\Documentos\\Metodologías Ágiles - Práctica\\clase1\\src\\utils\\generateWords.ts": {"path":"C:\\Users\\Francisco\\OneDrive\\Documentos\\Metodologías Ágiles - Práctica\\clase1\\src\\utils\\generateWords.ts","all":false,"statementMap":{"0":{"start":{"line":1,"column":0},"end":{"line":1,"column":60}},"2":{"start":{"line":3,"column":0},"end":{"line":3,"column":36}},"3":{"start":{"line":4,"column":0},"end":{"line":4,"column":66}},"5":{"start":{"line":6,"column":0},"end":{"line":6,"column":31}},"6":{"start":{"line":7,"column":0},"end":{"line":7,"column":2}}},"s":{"0":1,"2":1,"3":15,"5":15,"6":15},"branchMap":{"0":{"type":"branch","line":3,"loc":{"start":{"line":3,"column":29},"end":{"line":7,"column":2}},"locations":[{"start":{"line":3,"column":29},"end":{"line":7,"column":2}}]}},"b":{"0":[15]},"fnMap":{"0":{"name":"getRandomWord","decl":{"start":{"line":3,"column":29},"end":{"line":7,"column":2}},"loc":{"start":{"line":3,"column":29},"end":{"line":7,"column":2}},"line":3}},"f":{"0":15}}
,"C:\\Users\\Francisco\\OneDrive\\Documentos\\Metodologías Ágiles - Práctica\\clase1\\src\\utils\\messages.ts": {"path":"C:\\Users\\Francisco\\OneDrive\\Documentos\\Metodologías Ágiles - Práctica\\clase1\\src\\utils\\messages.ts","all":false,"statementMap":{"0":{"start":{"line":1,"column":0},"end":{"line":1,"column":32}},"1":{"start":{"line":2,"column":0},"end":{"line":2,"column":55}},"2":{"start":{"line":3,"column":0},"end":{"line":3,"column":52}},"3":{"start":{"line":4,"column":0},"end":{"line":4,"column":56}},"4":{"start":{"line":5,"column":0},"end":{"line":5,"column":2}},"6":{"start":{"line":7,"column":0},"end":{"line":7,"column":29}},"7":{"start":{"line":8,"column":0},"end":{"line":8,"column":21}},"8":{"start":{"line":9,"column":0},"end":{"line":9,"column":26}},"9":{"start":{"line":10,"column":0},"end":{"line":10,"column":48}},"10":{"start":{"line":11,"column":0},"end":{"line":11,"column":2}}},"s":{"0":1,"1":1,"2":1,"3":1,"4":1,"6":1,"7":1,"8":1,"9":1,"10":1},"branchMap":{},"b":{},"fnMap":{},"f":{}}
}
